2024-04-27 16:45:12,058 [restartedMain] INFO  o.springframework.boot.SpringApplication           - 
░▒▓█▓▒░      ░▒▓██████▓▒░ ░▒▓██████▓▒░ ░▒▓██████▓▒░░▒▓█▓▒░▒▓███████▓▒░ ░▒▓██████▓▒░        ░▒▓██████▓▒░░▒▓███████▓▒░░▒▓███████▓▒░░▒▓█▓▒░      ░▒▓█▓▒░░▒▓██████▓▒░ ░▒▓██████▓▒░▒▓████████▓▒░▒▓█▓▒░░▒▓██████▓▒░░▒▓███████▓▒░  
░▒▓█▓▒░     ░▒▓█▓▒░░▒▓█▓▒░▒▓█▓▒░░▒▓█▓▒░▒▓█▓▒░░▒▓█▓▒░▒▓█▓▒░▒▓█▓▒░░▒▓█▓▒░▒▓█▓▒░░▒▓█▓▒░      ░▒▓█▓▒░░▒▓█▓▒░▒▓█▓▒░░▒▓█▓▒░▒▓█▓▒░░▒▓█▓▒░▒▓█▓▒░      ░▒▓█▓▒░▒▓█▓▒░░▒▓█▓▒░▒▓█▓▒░░▒▓█▓▒░ ░▒▓█▓▒░   ░▒▓█▓▒░▒▓█▓▒░░▒▓█▓▒░▒▓█▓▒░░▒▓█▓▒░ 
░▒▓█▓▒░     ░▒▓█▓▒░░▒▓█▓▒░▒▓█▓▒░      ░▒▓█▓▒░      ░▒▓█▓▒░▒▓█▓▒░░▒▓█▓▒░▒▓█▓▒░             ░▒▓█▓▒░░▒▓█▓▒░▒▓█▓▒░░▒▓█▓▒░▒▓█▓▒░░▒▓█▓▒░▒▓█▓▒░      ░▒▓█▓▒░▒▓█▓▒░      ░▒▓█▓▒░░▒▓█▓▒░ ░▒▓█▓▒░   ░▒▓█▓▒░▒▓█▓▒░░▒▓█▓▒░▒▓█▓▒░░▒▓█▓▒░ 
░▒▓█▓▒░     ░▒▓█▓▒░░▒▓█▓▒░▒▓█▓▒▒▓███▓▒░▒▓█▓▒▒▓███▓▒░▒▓█▓▒░▒▓█▓▒░░▒▓█▓▒░▒▓█▓▒▒▓███▓▒░      ░▒▓████████▓▒░▒▓███████▓▒░░▒▓███████▓▒░░▒▓█▓▒░      ░▒▓█▓▒░▒▓█▓▒░      ░▒▓████████▓▒░ ░▒▓█▓▒░   ░▒▓█▓▒░▒▓█▓▒░░▒▓█▓▒░▒▓█▓▒░░▒▓█▓▒░ 
░▒▓█▓▒░     ░▒▓█▓▒░░▒▓█▓▒░▒▓█▓▒░░▒▓█▓▒░▒▓█▓▒░░▒▓█▓▒░▒▓█▓▒░▒▓█▓▒░░▒▓█▓▒░▒▓█▓▒░░▒▓█▓▒░      ░▒▓█▓▒░░▒▓█▓▒░▒▓█▓▒░      ░▒▓█▓▒░      ░▒▓█▓▒░      ░▒▓█▓▒░▒▓█▓▒░      ░▒▓█▓▒░░▒▓█▓▒░ ░▒▓█▓▒░   ░▒▓█▓▒░▒▓█▓▒░░▒▓█▓▒░▒▓█▓▒░░▒▓█▓▒░ 
░▒▓█▓▒░     ░▒▓█▓▒░░▒▓█▓▒░▒▓█▓▒░░▒▓█▓▒░▒▓█▓▒░░▒▓█▓▒░▒▓█▓▒░▒▓█▓▒░░▒▓█▓▒░▒▓█▓▒░░▒▓█▓▒░      ░▒▓█▓▒░░▒▓█▓▒░▒▓█▓▒░      ░▒▓█▓▒░      ░▒▓█▓▒░      ░▒▓█▓▒░▒▓█▓▒░░▒▓█▓▒░▒▓█▓▒░░▒▓█▓▒░ ░▒▓█▓▒░   ░▒▓█▓▒░▒▓█▓▒░░▒▓█▓▒░▒▓█▓▒░░▒▓█▓▒░ 
░▒▓████████▓▒░▒▓██████▓▒░ ░▒▓██████▓▒░ ░▒▓██████▓▒░░▒▓█▓▒░▒▓█▓▒░░▒▓█▓▒░░▒▓██████▓▒░       ░▒▓█▓▒░░▒▓█▓▒░▒▓█▓▒░      ░▒▓█▓▒░      ░▒▓████████▓▒░▒▓█▓▒░░▒▓██████▓▒░░▒▓█▓▒░░▒▓█▓▒░ ░▒▓█▓▒░   ░▒▓█▓▒░░▒▓██████▓▒░░▒▓█▓▒░░▒▓█▓▒░ 
                                                                                                                                                                                                                            
                                                                                                                                                                                                                            


2024-04-27 16:45:12,084 [restartedMain] INFO  com.Application                                    - Starting Application using Java 1.8.0_202 on 15sfq5112tu with PID 18352 (C:\Java\JRTP\04-Logging-Application\target\classes started by Vaibhav Yadav in C:\Java\JRTP\04-Logging-Application)
2024-04-27 16:45:12,084 [restartedMain] INFO  com.Application                                    - No active profile set, falling back to 1 default profile: "default"
2024-04-27 16:45:12,115 [restartedMain] INFO  o.s.b.d.e.DevToolsPropertyDefaultsPostProcessor    - Devtools property defaults active! Set 'spring.devtools.add-properties' to 'false' to disable
2024-04-27 16:45:12,115 [restartedMain] INFO  o.s.b.d.e.DevToolsPropertyDefaultsPostProcessor    - For additional web related logging consider setting the 'logging.level.web' property to 'DEBUG'
2024-04-27 16:45:12,762 [restartedMain] INFO  o.s.b.w.embedded.tomcat.TomcatWebServer            - Tomcat initialized with port(s): 8081 (http)
2024-04-27 16:45:12,764 [restartedMain] INFO  o.apache.coyote.http11.Http11NioProtocol           - Initializing ProtocolHandler ["http-nio-8081"]
2024-04-27 16:45:12,764 [restartedMain] INFO  org.apache.catalina.core.StandardService           - Starting service [Tomcat]
2024-04-27 16:45:12,764 [restartedMain] INFO  org.apache.catalina.core.StandardEngine            - Starting Servlet engine: [Apache Tomcat/9.0.73]
2024-04-27 16:45:12,796 [restartedMain] INFO  o.a.c.c.C.[Tomcat].[localhost].[/]                 - Initializing Spring embedded WebApplicationContext
2024-04-27 16:45:12,796 [restartedMain] INFO  o.s.b.w.s.c.ServletWebServerApplicationContext     - Root WebApplicationContext: initialization completed in 681 ms
2024-04-27 16:45:13,002 [restartedMain] INFO  o.s.b.d.a.OptionalLiveReloadServer                 - LiveReload server is running on port 35729
2024-04-27 16:45:13,011 [restartedMain] INFO  o.apache.coyote.http11.Http11NioProtocol           - Starting ProtocolHandler ["http-nio-8081"]
2024-04-27 16:45:13,017 [restartedMain] INFO  o.s.b.w.embedded.tomcat.TomcatWebServer            - Tomcat started on port(s): 8081 (http) with context path ''
2024-04-27 16:45:13,017 [restartedMain] INFO  com.Application                                    - Started Application in 1.198 seconds (JVM running for 1.74)
2024-04-27 16:45:38,696 [http-nio-8081-exec-1] INFO  o.a.c.c.C.[Tomcat].[localhost].[/]                 - Initializing Spring DispatcherServlet 'dispatcherServlet'
2024-04-27 16:45:38,699 [http-nio-8081-exec-1] INFO  o.s.web.servlet.DispatcherServlet                  - Initializing Servlet 'dispatcherServlet'
2024-04-27 16:45:38,701 [http-nio-8081-exec-1] INFO  o.s.web.servlet.DispatcherServlet                  - Completed initialization in 2 ms
2024-04-27 16:45:38,743 [http-nio-8081-exec-1] INFO  com.rest.MessageController                         - Inside MessageRestController for method welcomeMsg() started...
2024-04-27 16:45:38,750 [http-nio-8081-exec-1] WARN  com.rest.MessageController                         - This is warn message from welcomeMsg()
2024-04-27 16:45:38,750 [http-nio-8081-exec-1] ERROR com.rest.MessageController                         - Error occured in welcomeMsg() method
2024-04-27 16:45:38,751 [http-nio-8081-exec-1] INFO  com.rest.MessageController                         - Inside MessageRestController for method welcomeMsg() ended...
2024-04-27 16:46:07,209 [RMI TCP Connection(2)-127.0.0.1] INFO  o.s.b.a.SpringApplicationAdminMXBeanRegistrar$SpringApplicationAdmin - Application shutdown requested.
2024-04-27 16:46:07,381 [RMI TCP Connection(2)-127.0.0.1] INFO  o.apache.coyote.http11.Http11NioProtocol           - Pausing ProtocolHandler ["http-nio-8081"]
2024-04-27 16:46:07,384 [RMI TCP Connection(2)-127.0.0.1] INFO  org.apache.catalina.core.StandardService           - Stopping service [Tomcat]
2024-04-27 16:46:07,385 [RMI TCP Connection(2)-127.0.0.1] INFO  o.a.c.c.C.[Tomcat].[localhost].[/]                 - Destroying Spring FrameworkServlet 'dispatcherServlet'
2024-04-27 16:46:07,385 [RMI TCP Connection(2)-127.0.0.1] INFO  o.apache.coyote.http11.Http11NioProtocol           - Stopping ProtocolHandler ["http-nio-8081"]
2024-04-27 16:46:07,395 [RMI TCP Connection(2)-127.0.0.1] INFO  o.apache.coyote.http11.Http11NioProtocol           - Destroying ProtocolHandler ["http-nio-8081"]
