2024-04-27 15:41:56.752  INFO 18480 --- [File Watcher] rtingClassPathChangeChangedEventListener : Restarting due to 1 class path change (0 additions, 0 deletions, 1 modification)
2024-04-27 15:41:56.819  INFO 18480 --- [Thread-6] o.apache.catalina.core.StandardService   : Stopping service [Tomcat]
2024-04-27 15:41:56.820  INFO 18480 --- [Thread-6] o.a.c.c.C.[Tomcat].[localhost].[/]       : Destroying Spring FrameworkServlet 'dispatcherServlet'
2024-04-27 15:41:56.914  INFO 18480 --- [restartedMain] o.s.boot.SpringApplication               : 
░▒▓█▓▒░      ░▒▓██████▓▒░ ░▒▓██████▓▒░ ░▒▓██████▓▒░░▒▓█▓▒░▒▓███████▓▒░ ░▒▓██████▓▒░        ░▒▓██████▓▒░░▒▓███████▓▒░░▒▓███████▓▒░░▒▓█▓▒░      ░▒▓█▓▒░░▒▓██████▓▒░ ░▒▓██████▓▒░▒▓████████▓▒░▒▓█▓▒░░▒▓██████▓▒░░▒▓███████▓▒░  
░▒▓█▓▒░     ░▒▓█▓▒░░▒▓█▓▒░▒▓█▓▒░░▒▓█▓▒░▒▓█▓▒░░▒▓█▓▒░▒▓█▓▒░▒▓█▓▒░░▒▓█▓▒░▒▓█▓▒░░▒▓█▓▒░      ░▒▓█▓▒░░▒▓█▓▒░▒▓█▓▒░░▒▓█▓▒░▒▓█▓▒░░▒▓█▓▒░▒▓█▓▒░      ░▒▓█▓▒░▒▓█▓▒░░▒▓█▓▒░▒▓█▓▒░░▒▓█▓▒░ ░▒▓█▓▒░   ░▒▓█▓▒░▒▓█▓▒░░▒▓█▓▒░▒▓█▓▒░░▒▓█▓▒░ 
░▒▓█▓▒░     ░▒▓█▓▒░░▒▓█▓▒░▒▓█▓▒░      ░▒▓█▓▒░      ░▒▓█▓▒░▒▓█▓▒░░▒▓█▓▒░▒▓█▓▒░             ░▒▓█▓▒░░▒▓█▓▒░▒▓█▓▒░░▒▓█▓▒░▒▓█▓▒░░▒▓█▓▒░▒▓█▓▒░      ░▒▓█▓▒░▒▓█▓▒░      ░▒▓█▓▒░░▒▓█▓▒░ ░▒▓█▓▒░   ░▒▓█▓▒░▒▓█▓▒░░▒▓█▓▒░▒▓█▓▒░░▒▓█▓▒░ 
░▒▓█▓▒░     ░▒▓█▓▒░░▒▓█▓▒░▒▓█▓▒▒▓███▓▒░▒▓█▓▒▒▓███▓▒░▒▓█▓▒░▒▓█▓▒░░▒▓█▓▒░▒▓█▓▒▒▓███▓▒░      ░▒▓████████▓▒░▒▓███████▓▒░░▒▓███████▓▒░░▒▓█▓▒░      ░▒▓█▓▒░▒▓█▓▒░      ░▒▓████████▓▒░ ░▒▓█▓▒░   ░▒▓█▓▒░▒▓█▓▒░░▒▓█▓▒░▒▓█▓▒░░▒▓█▓▒░ 
░▒▓█▓▒░     ░▒▓█▓▒░░▒▓█▓▒░▒▓█▓▒░░▒▓█▓▒░▒▓█▓▒░░▒▓█▓▒░▒▓█▓▒░▒▓█▓▒░░▒▓█▓▒░▒▓█▓▒░░▒▓█▓▒░      ░▒▓█▓▒░░▒▓█▓▒░▒▓█▓▒░      ░▒▓█▓▒░      ░▒▓█▓▒░      ░▒▓█▓▒░▒▓█▓▒░      ░▒▓█▓▒░░▒▓█▓▒░ ░▒▓█▓▒░   ░▒▓█▓▒░▒▓█▓▒░░▒▓█▓▒░▒▓█▓▒░░▒▓█▓▒░ 
░▒▓█▓▒░     ░▒▓█▓▒░░▒▓█▓▒░▒▓█▓▒░░▒▓█▓▒░▒▓█▓▒░░▒▓█▓▒░▒▓█▓▒░▒▓█▓▒░░▒▓█▓▒░▒▓█▓▒░░▒▓█▓▒░      ░▒▓█▓▒░░▒▓█▓▒░▒▓█▓▒░      ░▒▓█▓▒░      ░▒▓█▓▒░      ░▒▓█▓▒░▒▓█▓▒░░▒▓█▓▒░▒▓█▓▒░░▒▓█▓▒░ ░▒▓█▓▒░   ░▒▓█▓▒░▒▓█▓▒░░▒▓█▓▒░▒▓█▓▒░░▒▓█▓▒░ 
░▒▓████████▓▒░▒▓██████▓▒░ ░▒▓██████▓▒░ ░▒▓██████▓▒░░▒▓█▓▒░▒▓█▓▒░░▒▓█▓▒░░▒▓██████▓▒░       ░▒▓█▓▒░░▒▓█▓▒░▒▓█▓▒░      ░▒▓█▓▒░      ░▒▓████████▓▒░▒▓█▓▒░░▒▓██████▓▒░░▒▓█▓▒░░▒▓█▓▒░ ░▒▓█▓▒░   ░▒▓█▓▒░░▒▓██████▓▒░░▒▓█▓▒░░▒▓█▓▒░ 
                                                                                                                                                                                                                            
                                                                                                                                                                                                                            


2024-04-27 15:41:56.916  INFO 18480 --- [restartedMain] com.Application                          : Starting Application using Java 1.8.0_202 on 15sfq5112tu with PID 18480 (C:\Java\JRTP\04-Logging-Application\target\classes started by Vaibhav Yadav in C:\Java\JRTP\04-Logging-Application)
2024-04-27 15:41:56.916  INFO 18480 --- [restartedMain] com.Application                          : No active profile set, falling back to 1 default profile: "default"
2024-04-27 15:41:57.104  INFO 18480 --- [restartedMain] o.s.b.w.embedded.tomcat.TomcatWebServer  : Tomcat initialized with port(s): 8081 (http)
2024-04-27 15:41:57.104  INFO 18480 --- [restartedMain] o.apache.catalina.core.StandardService   : Starting service [Tomcat]
2024-04-27 15:41:57.104  INFO 18480 --- [restartedMain] org.apache.catalina.core.StandardEngine  : Starting Servlet engine: [Apache Tomcat/9.0.73]
2024-04-27 15:41:57.110  INFO 18480 --- [restartedMain] o.a.c.c.C.[Tomcat].[localhost].[/]       : Initializing Spring embedded WebApplicationContext
2024-04-27 15:41:57.111  INFO 18480 --- [restartedMain] w.s.c.ServletWebServerApplicationContext : Root WebApplicationContext: initialization completed in 194 ms
2024-04-27 15:41:57.164  INFO 18480 --- [restartedMain] o.s.b.d.a.OptionalLiveReloadServer       : LiveReload server is running on port 35729
2024-04-27 15:41:57.168  INFO 18480 --- [restartedMain] o.s.b.w.embedded.tomcat.TomcatWebServer  : Tomcat started on port(s): 8081 (http) with context path ''
2024-04-27 15:41:57.170  INFO 18480 --- [restartedMain] com.Application                          : Started Application in 0.273 seconds (JVM running for 53.794)
2024-04-27 15:41:57.171  INFO 18480 --- [restartedMain] .ConditionEvaluationDeltaLoggingListener : Condition evaluation unchanged
2024-04-27 15:44:54.041  INFO 18480 --- [File Watcher] rtingClassPathChangeChangedEventListener : Restarting due to 1 class path change (0 additions, 0 deletions, 1 modification)
2024-04-27 15:44:54.109  INFO 18480 --- [Thread-8] o.apache.catalina.core.StandardService   : Stopping service [Tomcat]
2024-04-27 15:44:54.212  INFO 18480 --- [restartedMain] o.s.boot.SpringApplication               : 
░▒▓█▓▒░      ░▒▓██████▓▒░ ░▒▓██████▓▒░ ░▒▓██████▓▒░░▒▓█▓▒░▒▓███████▓▒░ ░▒▓██████▓▒░        ░▒▓██████▓▒░░▒▓███████▓▒░░▒▓███████▓▒░░▒▓█▓▒░      ░▒▓█▓▒░░▒▓██████▓▒░ ░▒▓██████▓▒░▒▓████████▓▒░▒▓█▓▒░░▒▓██████▓▒░░▒▓███████▓▒░  
░▒▓█▓▒░     ░▒▓█▓▒░░▒▓█▓▒░▒▓█▓▒░░▒▓█▓▒░▒▓█▓▒░░▒▓█▓▒░▒▓█▓▒░▒▓█▓▒░░▒▓█▓▒░▒▓█▓▒░░▒▓█▓▒░      ░▒▓█▓▒░░▒▓█▓▒░▒▓█▓▒░░▒▓█▓▒░▒▓█▓▒░░▒▓█▓▒░▒▓█▓▒░      ░▒▓█▓▒░▒▓█▓▒░░▒▓█▓▒░▒▓█▓▒░░▒▓█▓▒░ ░▒▓█▓▒░   ░▒▓█▓▒░▒▓█▓▒░░▒▓█▓▒░▒▓█▓▒░░▒▓█▓▒░ 
░▒▓█▓▒░     ░▒▓█▓▒░░▒▓█▓▒░▒▓█▓▒░      ░▒▓█▓▒░      ░▒▓█▓▒░▒▓█▓▒░░▒▓█▓▒░▒▓█▓▒░             ░▒▓█▓▒░░▒▓█▓▒░▒▓█▓▒░░▒▓█▓▒░▒▓█▓▒░░▒▓█▓▒░▒▓█▓▒░      ░▒▓█▓▒░▒▓█▓▒░      ░▒▓█▓▒░░▒▓█▓▒░ ░▒▓█▓▒░   ░▒▓█▓▒░▒▓█▓▒░░▒▓█▓▒░▒▓█▓▒░░▒▓█▓▒░ 
░▒▓█▓▒░     ░▒▓█▓▒░░▒▓█▓▒░▒▓█▓▒▒▓███▓▒░▒▓█▓▒▒▓███▓▒░▒▓█▓▒░▒▓█▓▒░░▒▓█▓▒░▒▓█▓▒▒▓███▓▒░      ░▒▓████████▓▒░▒▓███████▓▒░░▒▓███████▓▒░░▒▓█▓▒░      ░▒▓█▓▒░▒▓█▓▒░      ░▒▓████████▓▒░ ░▒▓█▓▒░   ░▒▓█▓▒░▒▓█▓▒░░▒▓█▓▒░▒▓█▓▒░░▒▓█▓▒░ 
░▒▓█▓▒░     ░▒▓█▓▒░░▒▓█▓▒░▒▓█▓▒░░▒▓█▓▒░▒▓█▓▒░░▒▓█▓▒░▒▓█▓▒░▒▓█▓▒░░▒▓█▓▒░▒▓█▓▒░░▒▓█▓▒░      ░▒▓█▓▒░░▒▓█▓▒░▒▓█▓▒░      ░▒▓█▓▒░      ░▒▓█▓▒░      ░▒▓█▓▒░▒▓█▓▒░      ░▒▓█▓▒░░▒▓█▓▒░ ░▒▓█▓▒░   ░▒▓█▓▒░▒▓█▓▒░░▒▓█▓▒░▒▓█▓▒░░▒▓█▓▒░ 
░▒▓█▓▒░     ░▒▓█▓▒░░▒▓█▓▒░▒▓█▓▒░░▒▓█▓▒░▒▓█▓▒░░▒▓█▓▒░▒▓█▓▒░▒▓█▓▒░░▒▓█▓▒░▒▓█▓▒░░▒▓█▓▒░      ░▒▓█▓▒░░▒▓█▓▒░▒▓█▓▒░      ░▒▓█▓▒░      ░▒▓█▓▒░      ░▒▓█▓▒░▒▓█▓▒░░▒▓█▓▒░▒▓█▓▒░░▒▓█▓▒░ ░▒▓█▓▒░   ░▒▓█▓▒░▒▓█▓▒░░▒▓█▓▒░▒▓█▓▒░░▒▓█▓▒░ 
░▒▓████████▓▒░▒▓██████▓▒░ ░▒▓██████▓▒░ ░▒▓██████▓▒░░▒▓█▓▒░▒▓█▓▒░░▒▓█▓▒░░▒▓██████▓▒░       ░▒▓█▓▒░░▒▓█▓▒░▒▓█▓▒░      ░▒▓█▓▒░      ░▒▓████████▓▒░▒▓█▓▒░░▒▓██████▓▒░░▒▓█▓▒░░▒▓█▓▒░ ░▒▓█▓▒░   ░▒▓█▓▒░░▒▓██████▓▒░░▒▓█▓▒░░▒▓█▓▒░ 
                                                                                                                                                                                                                            
                                                                                                                                                                                                                            


2024-04-27 15:44:54.215  INFO 18480 --- [restartedMain] com.Application                          : Starting Application using Java 1.8.0_202 on 15sfq5112tu with PID 18480 (C:\Java\JRTP\04-Logging-Application\target\classes started by Vaibhav Yadav in C:\Java\JRTP\04-Logging-Application)
2024-04-27 15:44:54.215  INFO 18480 --- [restartedMain] com.Application                          : No active profile set, falling back to 1 default profile: "default"
2024-04-27 15:44:54.421  INFO 18480 --- [restartedMain] o.s.b.w.embedded.tomcat.TomcatWebServer  : Tomcat initialized with port(s): 8081 (http)
2024-04-27 15:44:54.422  INFO 18480 --- [restartedMain] o.apache.catalina.core.StandardService   : Starting service [Tomcat]
2024-04-27 15:44:54.422  INFO 18480 --- [restartedMain] org.apache.catalina.core.StandardEngine  : Starting Servlet engine: [Apache Tomcat/9.0.73]
2024-04-27 15:44:54.429  INFO 18480 --- [restartedMain] o.a.c.c.C.[Tomcat].[localhost].[/]       : Initializing Spring embedded WebApplicationContext
2024-04-27 15:44:54.429  INFO 18480 --- [restartedMain] w.s.c.ServletWebServerApplicationContext : Root WebApplicationContext: initialization completed in 211 ms
2024-04-27 15:44:54.471  INFO 18480 --- [restartedMain] o.s.b.d.a.OptionalLiveReloadServer       : LiveReload server is running on port 35729
2024-04-27 15:44:54.476  INFO 18480 --- [restartedMain] o.s.b.w.embedded.tomcat.TomcatWebServer  : Tomcat started on port(s): 8081 (http) with context path ''
2024-04-27 15:44:54.479  INFO 18480 --- [restartedMain] com.Application                          : Started Application in 0.291 seconds (JVM running for 231.102)
2024-04-27 15:44:54.479  INFO 18480 --- [restartedMain] .ConditionEvaluationDeltaLoggingListener : Condition evaluation unchanged
2024-04-27 16:17:05.434  INFO 18480 --- [File Watcher] rtingClassPathChangeChangedEventListener : Restarting due to 1 class path change (1 addition, 0 deletions, 0 modifications)
2024-04-27 16:17:05.532  INFO 18480 --- [Thread-12] o.apache.catalina.core.StandardService   : Stopping service [Tomcat]
